<?xml version="1.0" encoding="UTF-8"?>
<!-- Generated by org.testng.reporters.JUnitReportReporter -->
<testsuite hostname="ADil" failures="0" tests="3" name="TestClass.Amazon" time="42.562" errors="0" timestamp="2024-02-22T13:25:44 IST" skipped="0">
  <testcase classname="TestClass.Amazon" name="verifyLogo" time="10.280"/>
  <testcase classname="TestClass.Amazon" name="search" time="23.082"/>
  <testcase classname="TestClass.Amazon" name="test" time="9.200"/>
</testsuite> <!-- TestClass.Amazon -->
